[debug] [2019-09-16T05:16:41.208Z] ----------------------------------------------------------------------
[debug] [2019-09-16T05:16:41.210Z] Command:       /usr/local/bin/node /usr/local/bin/firebase init
[debug] [2019-09-16T05:16:41.210Z] CLI Version:   7.0.2
[debug] [2019-09-16T05:16:41.210Z] Platform:      linux
[debug] [2019-09-16T05:16:41.210Z] Node Version:  v11.13.0
[debug] [2019-09-16T05:16:41.210Z] Time:          Mon Sep 16 2019 10:46:41 GMT+0530 (India Standard Time)
[debug] [2019-09-16T05:16:41.210Z] ----------------------------------------------------------------------
[debug] 
[debug] [2019-09-16T05:16:41.216Z] > command requires scopes: ["email","openid","https://www.googleapis.com/auth/cloudplatformprojects.readonly","https://www.googleapis.com/auth/firebase","https://www.googleapis.com/auth/cloud-platform"]
[debug] [2019-09-16T05:16:41.216Z] > authorizing via signed-in user
[info] 
     ######## #### ########  ######## ########     ###     ######  ########
     ##        ##  ##     ## ##       ##     ##  ##   ##  ##       ##
     ######    ##  ########  ######   ########  #########  ######  ######
     ##        ##  ##    ##  ##       ##     ## ##     ##       ## ##
     ##       #### ##     ## ######## ########  ##     ##  ######  ########

You're about to initialize a Firebase project in this directory:

  /media/agil/WoRk/job_hunt/actyv-task/actyv-task-ui

Before we get started, keep in mind:

  * You are currently outside your home directory

